<?xml version="1.0" encoding="UTF-8"?>
<!-- Generated by org.testng.reporters.JUnitXMLReporter -->
<testsuite ignored="1" hostname="HURCHNLP201" failures="0" tests="1" name="SmokeTest" time="14.174" errors="0" timestamp="30 Dec 2023 18:12:47 GMT">
  <testcase classname="PageExecution.ParallelExecution" name="testcase2" time="13.919"/>
  <testcase classname="PageExecution.ParallelExecution" name="testcase1" time="0.0">
    <ignored/>
  </testcase> <!-- testcase1 -->
</testsuite> <!-- SmokeTest -->
