<?xml version="1.0" encoding="UTF-8"?>
<!-- Generated by org.testng.reporters.JUnitXMLReporter -->
<testsuite ignored="1" hostname="HURCHNLP201" failures="0" tests="8" name="Default test" time="104.315" errors="0" timestamp="01 Jan 2024 04:40:43 GMT">
  <testcase classname="PageExecution.SignUpExecution" name="testcase1" time="0.485"/>
  <testcase classname="PageExecution.SignUpExecution" name="testcase2" time="0.677"/>
  <testcase classname="PageExecution.SignUpExecution" name="testcase4" time="0.777"/>
  <testcase classname="PageExecution.SignUpExecution" name="testcase6" time="0.863"/>
  <testcase classname="PageExecution.SignUpExecution" name="testcase7" time="0.976"/>
  <testcase classname="PageExecution.SignUpExecution" name="testcase5" time="0.724"/>
  <testcase classname="PageExecution.SignUpExecution" name="testcase9" time="0.371"/>
  <testcase classname="PageExecution.SignUpExecution" name="testcase8" time="38.392"/>
  <testcase classname="PageExecution.SignUpExecution" name="testcase3" time="0.0">
    <ignored/>
  </testcase> <!-- testcase3 -->
</testsuite> <!-- Default test -->
