<?xml version="1.0" encoding="UTF-8"?>
<!-- Generated by org.testng.reporters.JUnitXMLReporter -->
<testsuite ignored="1" hostname="HURCHNLP201" failures="0" tests="1" name="Default test" time="9.539" errors="0" timestamp="31 Dec 2023 14:14:46 GMT">
  <testcase classname="PageExecution.SignUpExecution" name="testcase1" time="0.397"/>
  <testcase classname="PageExecution.SignUpExecution" name="testcase3" time="0.0">
    <ignored/>
  </testcase> <!-- testcase3 -->
</testsuite> <!-- Default test -->
