<?xml version="1.0" encoding="UTF-8"?>
<testng-results ignored="1" total="2" passed="1" failed="0" skipped="0">
  <reporter-output>
  </reporter-output>
  <suite started-at="2023-12-31T14:14:37Z" name="Default suite" finished-at="2023-12-31T14:14:46Z" duration-ms="9539">
    <groups>
    </groups>
    <test started-at="2023-12-31T14:14:37Z" name="Default test" finished-at="2023-12-31T14:14:46Z" duration-ms="9539">
      <class name="PageExecution.SignUpExecution">
        <test-method is-config="true" signature="beforeMethod()[pri:0, instance:PageExecution.SignUpExecution@4b6e2263]" started-at="2023-12-31T14:14:37Z" name="beforeMethod" finished-at="2023-12-31T14:14:44Z" duration-ms="7088" status="PASS">
          <reporter-output>
          </reporter-output>
        </test-method> <!-- beforeMethod -->
        <test-method signature="testcase1()[pri:0, instance:PageExecution.SignUpExecution@4b6e2263]" started-at="2023-12-31T14:14:44Z" name="testcase1" finished-at="2023-12-31T14:14:45Z" duration-ms="397" status="PASS">
          <reporter-output>
          </reporter-output>
        </test-method> <!-- testcase1 -->
        <test-method is-config="true" signature="updatedStatus(org.testng.ITestResult)[pri:0, instance:PageExecution.SignUpExecution@4b6e2263]" started-at="2023-12-31T14:14:45Z" name="updatedStatus" finished-at="2023-12-31T14:14:46Z" duration-ms="1816" status="PASS">
          <params>
            <param index="0">
              <value>
                <![CDATA[[TestResult name=testcase1 status=SUCCESS method=SignUpExecution.testcase1()[pri:0, instance:PageExecution.SignUpExecution@4b6e2263] output={null}]]]>
              </value>
            </param>
          </params>
          <reporter-output>
          </reporter-output>
        </test-method> <!-- updatedStatus -->
      </class> <!-- PageExecution.SignUpExecution -->
    </test> <!-- Default test -->
  </suite> <!-- Default suite -->
</testng-results>
