<?xml version="1.0" encoding="UTF-8"?>
<testng-results ignored="1" total="9" passed="8" failed="0" skipped="0">
  <reporter-output>
  </reporter-output>
  <suite started-at="2024-01-01T04:38:59Z" name="Default suite" finished-at="2024-01-01T04:40:43Z" duration-ms="104315">
    <groups>
    </groups>
    <test started-at="2024-01-01T04:38:59Z" name="Default test" finished-at="2024-01-01T04:40:43Z" duration-ms="104315">
      <class name="PageExecution.SignUpExecution">
        <test-method is-config="true" signature="beforeMethod()[pri:0, instance:PageExecution.SignUpExecution@34f22f9d]" started-at="2024-01-01T04:38:59Z" name="beforeMethod" finished-at="2024-01-01T04:39:09Z" duration-ms="9728" status="PASS">
          <reporter-output>
          </reporter-output>
        </test-method> <!-- beforeMethod -->
        <test-method signature="testcase1()[pri:0, instance:PageExecution.SignUpExecution@34f22f9d]" started-at="2024-01-01T04:39:09Z" name="testcase1" finished-at="2024-01-01T04:39:09Z" duration-ms="485" status="PASS">
          <reporter-output>
          </reporter-output>
        </test-method> <!-- testcase1 -->
        <test-method is-config="true" signature="updatedStatus(org.testng.ITestResult)[pri:0, instance:PageExecution.SignUpExecution@34f22f9d]" started-at="2024-01-01T04:39:09Z" name="updatedStatus" finished-at="2024-01-01T04:39:11Z" duration-ms="1482" status="PASS">
          <params>
            <param index="0">
              <value>
                <![CDATA[[TestResult name=testcase1 status=SUCCESS method=SignUpExecution.testcase1()[pri:0, instance:PageExecution.SignUpExecution@34f22f9d] output={null}]]]>
              </value>
            </param>
          </params>
          <reporter-output>
          </reporter-output>
        </test-method> <!-- updatedStatus -->
        <test-method is-config="true" signature="beforeMethod()[pri:0, instance:PageExecution.SignUpExecution@34f22f9d]" started-at="2024-01-01T04:39:11Z" name="beforeMethod" finished-at="2024-01-01T04:39:17Z" duration-ms="5787" status="PASS">
          <reporter-output>
          </reporter-output>
        </test-method> <!-- beforeMethod -->
        <test-method signature="testcase2()[pri:0, instance:PageExecution.SignUpExecution@34f22f9d]" started-at="2024-01-01T04:39:17Z" name="testcase2" finished-at="2024-01-01T04:39:17Z" duration-ms="677" status="PASS">
          <reporter-output>
          </reporter-output>
        </test-method> <!-- testcase2 -->
        <test-method is-config="true" signature="updatedStatus(org.testng.ITestResult)[pri:0, instance:PageExecution.SignUpExecution@34f22f9d]" started-at="2024-01-01T04:39:17Z" name="updatedStatus" finished-at="2024-01-01T04:39:19Z" duration-ms="1357" status="PASS">
          <params>
            <param index="0">
              <value>
                <![CDATA[[TestResult name=testcase2 status=SUCCESS method=SignUpExecution.testcase2()[pri:0, instance:PageExecution.SignUpExecution@34f22f9d] output={null}]]]>
              </value>
            </param>
          </params>
          <reporter-output>
          </reporter-output>
        </test-method> <!-- updatedStatus -->
        <test-method is-config="true" signature="beforeMethod()[pri:0, instance:PageExecution.SignUpExecution@34f22f9d]" started-at="2024-01-01T04:39:19Z" name="beforeMethod" finished-at="2024-01-01T04:39:24Z" duration-ms="5734" status="PASS">
          <reporter-output>
          </reporter-output>
        </test-method> <!-- beforeMethod -->
        <test-method signature="testcase4()[pri:0, instance:PageExecution.SignUpExecution@34f22f9d]" started-at="2024-01-01T04:39:24Z" name="testcase4" finished-at="2024-01-01T04:39:25Z" duration-ms="777" status="PASS">
          <reporter-output>
          </reporter-output>
        </test-method> <!-- testcase4 -->
        <test-method is-config="true" signature="updatedStatus(org.testng.ITestResult)[pri:0, instance:PageExecution.SignUpExecution@34f22f9d]" started-at="2024-01-01T04:39:25Z" name="updatedStatus" finished-at="2024-01-01T04:39:26Z" duration-ms="1223" status="PASS">
          <params>
            <param index="0">
              <value>
                <![CDATA[[TestResult name=testcase4 status=SUCCESS method=SignUpExecution.testcase4()[pri:0, instance:PageExecution.SignUpExecution@34f22f9d] output={null}]]]>
              </value>
            </param>
          </params>
          <reporter-output>
          </reporter-output>
        </test-method> <!-- updatedStatus -->
        <test-method is-config="true" signature="beforeMethod()[pri:0, instance:PageExecution.SignUpExecution@34f22f9d]" started-at="2024-01-01T04:39:26Z" name="beforeMethod" finished-at="2024-01-01T04:39:32Z" duration-ms="5762" status="PASS">
          <reporter-output>
          </reporter-output>
        </test-method> <!-- beforeMethod -->
        <test-method signature="testcase6(java.lang.String, java.lang.String)[pri:1, instance:PageExecution.SignUpExecution@34f22f9d]" started-at="2024-01-01T04:39:32Z" name="testcase6" data-provider="testData" finished-at="2024-01-01T04:39:33Z" duration-ms="863" status="PASS">
          <params>
            <param index="0">
              <value>
                <![CDATA[Abu]]>
              </value>
            </param>
            <param index="1">
              <value>
                <![CDATA[abu@gmail.com]]>
              </value>
            </param>
          </params>
          <reporter-output>
          </reporter-output>
        </test-method> <!-- testcase6 -->
        <test-method is-config="true" signature="updatedStatus(org.testng.ITestResult)[pri:0, instance:PageExecution.SignUpExecution@34f22f9d]" started-at="2024-01-01T04:39:33Z" name="updatedStatus" finished-at="2024-01-01T04:39:34Z" duration-ms="1065" status="PASS">
          <params>
            <param index="0">
              <value>
                <![CDATA[[TestResult name=testcase6 status=SUCCESS method=SignUpExecution.testcase6(java.lang.String, java.lang.String)[pri:1, instance:PageExecution.SignUpExecution@34f22f9d] output={null}]]]>
              </value>
            </param>
          </params>
          <reporter-output>
          </reporter-output>
        </test-method> <!-- updatedStatus -->
        <test-method is-config="true" signature="beforeMethod()[pri:0, instance:PageExecution.SignUpExecution@34f22f9d]" started-at="2024-01-01T04:39:34Z" name="beforeMethod" finished-at="2024-01-01T04:39:40Z" duration-ms="5811" status="PASS">
          <reporter-output>
          </reporter-output>
        </test-method> <!-- beforeMethod -->
        <test-method signature="testcase7()[pri:0, instance:PageExecution.SignUpExecution@34f22f9d]" started-at="2024-01-01T04:39:40Z" name="testcase7" finished-at="2024-01-01T04:39:41Z" depends-on-methods="PageExecution.SignUpExecution.testcase6" duration-ms="976" status="PASS">
          <reporter-output>
          </reporter-output>
        </test-method> <!-- testcase7 -->
        <test-method is-config="true" signature="updatedStatus(org.testng.ITestResult)[pri:0, instance:PageExecution.SignUpExecution@34f22f9d]" started-at="2024-01-01T04:39:41Z" name="updatedStatus" finished-at="2024-01-01T04:39:42Z" duration-ms="1059" status="PASS">
          <params>
            <param index="0">
              <value>
                <![CDATA[[TestResult name=testcase7 status=SUCCESS method=SignUpExecution.testcase7()[pri:0, instance:PageExecution.SignUpExecution@34f22f9d] output={null}]]]>
              </value>
            </param>
          </params>
          <reporter-output>
          </reporter-output>
        </test-method> <!-- updatedStatus -->
        <test-method is-config="true" signature="beforeMethod()[pri:0, instance:PageExecution.SignUpExecution@34f22f9d]" started-at="2024-01-01T04:39:42Z" name="beforeMethod" finished-at="2024-01-01T04:39:47Z" duration-ms="5337" status="PASS">
          <reporter-output>
          </reporter-output>
        </test-method> <!-- beforeMethod -->
        <test-method signature="testcase5()[pri:2, instance:PageExecution.SignUpExecution@34f22f9d]" started-at="2024-01-01T04:39:47Z" name="testcase5" finished-at="2024-01-01T04:39:48Z" duration-ms="724" status="PASS">
          <reporter-output>
          </reporter-output>
        </test-method> <!-- testcase5 -->
        <test-method is-config="true" signature="updatedStatus(org.testng.ITestResult)[pri:0, instance:PageExecution.SignUpExecution@34f22f9d]" started-at="2024-01-01T04:39:48Z" name="updatedStatus" finished-at="2024-01-01T04:39:49Z" duration-ms="1168" status="PASS">
          <params>
            <param index="0">
              <value>
                <![CDATA[[TestResult name=testcase5 status=SUCCESS method=SignUpExecution.testcase5()[pri:2, instance:PageExecution.SignUpExecution@34f22f9d] output={null}]]]>
              </value>
            </param>
          </params>
          <reporter-output>
          </reporter-output>
        </test-method> <!-- updatedStatus -->
        <test-method is-config="true" signature="beforeMethod()[pri:0, instance:PageExecution.SignUpExecution@34f22f9d]" started-at="2024-01-01T04:39:49Z" name="beforeMethod" finished-at="2024-01-01T04:39:55Z" duration-ms="5713" status="PASS">
          <reporter-output>
          </reporter-output>
        </test-method> <!-- beforeMethod -->
        <test-method signature="testcase9()[pri:3, instance:PageExecution.SignUpExecution@34f22f9d]" started-at="2024-01-01T04:39:55Z" name="testcase9" finished-at="2024-01-01T04:39:55Z" duration-ms="371" status="PASS">
          <reporter-output>
          </reporter-output>
        </test-method> <!-- testcase9 -->
        <test-method is-config="true" signature="updatedStatus(org.testng.ITestResult)[pri:0, instance:PageExecution.SignUpExecution@34f22f9d]" started-at="2024-01-01T04:39:55Z" name="updatedStatus" finished-at="2024-01-01T04:39:57Z" duration-ms="1292" status="PASS">
          <params>
            <param index="0">
              <value>
                <![CDATA[[TestResult name=testcase9 status=SUCCESS method=SignUpExecution.testcase9()[pri:3, instance:PageExecution.SignUpExecution@34f22f9d] output={null}]]]>
              </value>
            </param>
          </params>
          <reporter-output>
          </reporter-output>
        </test-method> <!-- updatedStatus -->
        <test-method is-config="true" signature="beforeMethod()[pri:0, instance:PageExecution.SignUpExecution@34f22f9d]" started-at="2024-01-01T04:39:57Z" name="beforeMethod" finished-at="2024-01-01T04:40:03Z" duration-ms="5897" status="PASS">
          <reporter-output>
          </reporter-output>
        </test-method> <!-- beforeMethod -->
        <test-method signature="testcase8()[pri:4, instance:PageExecution.SignUpExecution@34f22f9d]" started-at="2024-01-01T04:40:03Z" name="testcase8" finished-at="2024-01-01T04:40:41Z" duration-ms="38392" status="PASS">
          <reporter-output>
          </reporter-output>
        </test-method> <!-- testcase8 -->
        <test-method is-config="true" signature="updatedStatus(org.testng.ITestResult)[pri:0, instance:PageExecution.SignUpExecution@34f22f9d]" started-at="2024-01-01T04:40:41Z" name="updatedStatus" finished-at="2024-01-01T04:40:43Z" duration-ms="2183" status="PASS">
          <params>
            <param index="0">
              <value>
                <![CDATA[[TestResult name=testcase8 status=SUCCESS method=SignUpExecution.testcase8()[pri:4, instance:PageExecution.SignUpExecution@34f22f9d] output={null}]]]>
              </value>
            </param>
          </params>
          <reporter-output>
          </reporter-output>
        </test-method> <!-- updatedStatus -->
      </class> <!-- PageExecution.SignUpExecution -->
    </test> <!-- Default test -->
  </suite> <!-- Default suite -->
</testng-results>
